<?xml version="1.0" encoding="UTF-8"?>
<testsuite xmlns:xsi="http://www.w3.org/2001/XMLSchema-instance" xsi:noNamespaceSchemaLocation="https://maven.apache.org/surefire/maven-surefire-plugin/xsd/surefire-test-report.xsd" name="UIRegressionRunner" time="106.207" tests="9" errors="8" skipped="0" failures="0">
  <properties>
[...]
</properties>
  <testcase name="Positive Case: As a user I want to successfully create Digital bank account" classname="co.wedevx.digitalbank.automation.ui.runners.UIRegressionRunner" time="24.041"/>
  <testcase name="Example #1" classname="co.wedevx.digitalbank.automation.ui.runners.UIRegressionRunner" time="13.145">
    <error message="Unable to locate element: #agree\-terms&#10;For documentation on this error, please visit: https://www.seleniumhq.org/exceptions/no_such_element.html&#10;Build info: version: &apos;3.141.59&apos;, revision: &apos;e82be7d358&apos;, time: &apos;2018-11-14T08:17:03&apos;&#10;System info: host: &apos;user1s-MacBook-Pro.local&apos;, ip: &apos;2601:5c1:4401:43c0:0:0:0:525a%en0&apos;, os.name: &apos;Mac OS X&apos;, os.arch: &apos;x86_64&apos;, os.version: &apos;12.6.8&apos;, java.version: &apos;19.0.1&apos;&#10;Driver info: org.openqa.selenium.firefox.FirefoxDriver&#10;Capabilities {acceptInsecureCerts: true, browserName: firefox, browserVersion: 118.0.2, javascriptEnabled: true, moz:accessibilityChecks: false, moz:buildID: 20231009140911, moz:geckodriverVersion: 0.33.0, moz:headless: false, moz:platformVersion: 21.6.0, moz:processID: 11120, moz:profile: /var/folders/tv/gdz5bgzj6bx..., moz:shutdownTimeout: 60000, moz:webdriverClick: true, moz:windowless: false, pageLoadStrategy: normal, platform: MAC, platformName: MAC, proxy: Proxy(), setWindowRect: true, strictFileInteractability: false, timeouts: {implicit: 0, pageLoad: 300000, script: 30000}, unhandledPromptBehavior: dismiss and notify}&#10;Session ID: 362186c2-74e9-4a8a-8b23-d82455e60d0a&#10;*** Element info: {Using=id, value=agree-terms}" type="org.openqa.selenium.NoSuchElementException">org.openqa.selenium.NoSuchElementException: 
Unable to locate element: #agree\-terms
For documentation on this error, please visit: https://www.seleniumhq.org/exceptions/no_such_element.html
Build info: version: '3.141.59', revision: 'e82be7d358', time: '2018-11-14T08:17:03'
System info: host: 'user1s-MacBook-Pro.local', ip: '2601:5c1:4401:43c0:0:0:0:525a%en0', os.name: 'Mac OS X', os.arch: 'x86_64', os.version: '12.6.8', java.version: '19.0.1'
Driver info: org.openqa.selenium.firefox.FirefoxDriver
Capabilities {acceptInsecureCerts: true, browserName: firefox, browserVersion: 118.0.2, javascriptEnabled: true, moz:accessibilityChecks: false, moz:buildID: 20231009140911, moz:geckodriverVersion: 0.33.0, moz:headless: false, moz:platformVersion: 21.6.0, moz:processID: 11120, moz:profile: /var/folders/tv/gdz5bgzj6bx..., moz:shutdownTimeout: 60000, moz:webdriverClick: true, moz:windowless: false, pageLoadStrategy: normal, platform: MAC, platformName: MAC, proxy: Proxy(), setWindowRect: true, strictFileInteractability: false, timeouts: {implicit: 0, pageLoad: 300000, script: 30000}, unhandledPromptBehavior: dismiss and notify}
Session ID: 362186c2-74e9-4a8a-8b23-d82455e60d0a
*** Element info: {Using=id, value=agree-terms}
</error>
    <system-out><![CDATA[
@Registration @NegativeRegistrationCases
Scenario Outline: Negative Test Case: As a DB admin, I want to make sure users can't register without providing all valid data &amp#27;[90m# ui.features/LoginAndRegistration/Registration.feature:34&amp#27;[0m
  &amp#27;[32mGiven &amp#27;[0m&amp#27;[32mthe user with &amp#27;[0m&amp#27;[32m&amp#27;[1m"jack@test.com"&amp#27;[0m&amp#27;[32m is not in DB&amp#27;[0m                                                                             &amp#27;[90m# co.wedevx.digitalbank.automation.ui.steps.RegistrationSteps.theUserWithIsNotInDB(java.lang.String)&amp#27;[0m
  &amp#27;[32mAnd &amp#27;[0m&amp#27;[32mUser navigates to Digital Bank signup page&amp#27;[0m                                                                               &amp#27;[90m# co.wedevx.digitalbank.automation.ui.steps.RegistrationSteps.user_navigates_to_digital_bank_signup_page()&amp#27;[0m
  &amp#27;[31mWhen &amp#27;[0m&amp#27;[31mUser creates account with the following fields&amp#27;[0m                                                                          &amp#27;[90m# co.wedevx.digitalbank.automation.ui.steps.RegistrationSteps.user_creates_account_with_the_following_fields(java.util.List<java.util.Map<java.lang.String, java.lang.String>>)&amp#27;[0m
    | title   | firstName | lastName | gender  | dob     | ssn     | email   | password | address | locality | region  | postalCode | country | homePhone | mobilePhone | workPhone |
    | [empty] | [empty]   | [empty]  | [empty] | [empty] | [empty] | [empty] | [empty]  | [empty] | [empty]  | [empty] | [empty]    | [empty] | [empty]   | [empty]     | [empty]   |
      &amp#27;[31morg.openqa.selenium.NoSuchElementException: Unable to locate element: #agree\-terms
For documentation on this error, please visit: https://www.seleniumhq.org/exceptions/no_such_element.html
Build info: version: '3.141.59', revision: 'e82be7d358', time: '2018-11-14T08:17:03'
System info: host: 'user1s-MacBook-Pro.local', ip: '2601:5c1:4401:43c0:0:0:0:525a%en0', os.name: 'Mac OS X', os.arch: 'x86_64', os.version: '12.6.8', java.version: '19.0.1'
Driver info: org.openqa.selenium.firefox.FirefoxDriver
Capabilities {acceptInsecureCerts: true, browserName: firefox, browserVersion: 118.0.2, javascriptEnabled: true, moz:accessibilityChecks: false, moz:buildID: 20231009140911, moz:geckodriverVersion: 0.33.0, moz:headless: false, moz:platformVersion: 21.6.0, moz:processID: 11120, moz:profile: /var/folders/tv/gdz5bgzj6bx..., moz:shutdownTimeout: 60000, moz:webdriverClick: true, moz:windowless: false, pageLoadStrategy: normal, platform: MAC, platformName: MAC, proxy: Proxy(), setWindowRect: true, strictFileInteractability: false, timeouts: {implicit: 0, pageLoad: 300000, script: 30000}, unhandledPromptBehavior: dismiss and notify}
Session ID: 362186c2-74e9-4a8a-8b23-d82455e60d0a
*** Element info: {Using=id, value=agree-terms}
	at java.base/jdk.internal.reflect.DirectConstructorHandleAccessor.newInstance(DirectConstructorHandleAccessor.java:67)
	at java.base/java.lang.reflect.Constructor.newInstanceWithCaller(Constructor.java:500)
	at java.base/java.lang.reflect.Constructor.newInstance(Constructor.java:484)
	at org.openqa.selenium.remote.http.W3CHttpResponseCodec.createException(W3CHttpResponseCodec.java:187)
	at org.openqa.selenium.remote.http.W3CHttpResponseCodec.decode(W3CHttpResponseCodec.java:122)
	at org.openqa.selenium.remote.http.W3CHttpResponseCodec.decode(W3CHttpResponseCodec.java:49)
	at org.openqa.selenium.remote.HttpCommandExecutor.execute(HttpCommandExecutor.java:158)
	at org.openqa.selenium.remote.service.DriverCommandExecutor.execute(DriverCommandExecutor.java:83)
	at org.openqa.selenium.remote.RemoteWebDriver.execute(RemoteWebDriver.java:552)
	at org.openqa.selenium.remote.RemoteWebDriver.findElement(RemoteWebDriver.java:323)
	at org.openqa.selenium.remote.RemoteWebDriver.findElementById(RemoteWebDriver.java:372)
	at org.openqa.selenium.By$ById.findElement(By.java:188)
	at org.openqa.selenium.remote.RemoteWebDriver.findElement(RemoteWebDriver.java:315)
	at org.openqa.selenium.support.pagefactory.DefaultElementLocator.findElement(DefaultElementLocator.java:69)
	at org.openqa.selenium.support.pagefactory.internal.LocatingElementHandler.invoke(LocatingElementHandler.java:38)
	at jdk.proxy2/jdk.proxy2.$Proxy21.click(Unknown Source)
	at co.wedevx.digitalbank.automation.ui.pages.RegistrationPage.fillOutRegistrationPage(RegistrationPage.java:139)
	at co.wedevx.digitalbank.automation.ui.steps.RegistrationSteps.user_creates_account_with_the_following_fields(RegistrationSteps.java:30)
	at ✽.User creates account with the following fields(classpath:ui.features/LoginAndRegistration/Registration.feature:24)
&amp#27;[0m
  &amp#27;[36mThen &amp#27;[0m&amp#27;[36mUser should the &amp#27;[0m&amp#27;[36m&amp#27;[1m"title"&amp#27;[0m&amp#27;[36m required field error message &amp#27;[0m&amp#27;[36m&amp#27;[1m"Please select an item in the list."&amp#27;[0m                               &amp#27;[90m# co.wedevx.digitalbank.automation.ui.steps.RegistrationSteps.userShouldTheRequiredFieldErrorMessage(java.lang.String,java.lang.String)&amp#27;[0m
]]></system-out>
    <system-err><![CDATA[1697898516689	geckodriver	INFO	Listening on 127.0.0.1:10617
1697898516723	mozrunner::runner	INFO	Running command: MOZ_CRASHREPORTER="1" MOZ_CRASHREPORTER_NO_REPORT="1" MOZ_CRASHREPORTER_SHUTDOWN="1" MOZ_NO_REMOTE="1" "/App ... "--marionette" "-foreground" "-no-remote" "-profile" "/var/folders/tv/gdz5bgzj6bx4lt_mp16m3m1r0000gn/T/rust_mozprofilejPsJ8c"
console.warn: services.settings: Ignoring preference override of remote settings server
console.warn: services.settings: Allow by setting MOZ_REMOTE_SETTINGS_DEVTOOLS=1 in the environment
1697898517542	Marionette	INFO	Marionette enabled
1697898517855	Marionette	INFO	Listening on port 60879
2023-10-21 10:28:37.889 plugin-container[11122:587758] nil host used in call to allowsSpecificHTTPSCertificateForHost
2023-10-21 10:28:37.890 plugin-container[11122:587758] nil host used in call to allowsAnyHTTPSCertificateForHost:
2023-10-21 10:28:37.900 plugin-container[11122:587758] nil host used in call to allowsSpecificHTTPSCertificateForHost
2023-10-21 10:28:37.900 plugin-container[11122:587758] nil host used in call to allowsAnyHTTPSCertificateForHost:
2023-10-21 10:28:37.904 plugin-container[11122:587760] nil host used in call to allowsSpecificHTTPSCertificateForHost
2023-10-21 10:28:37.904 plugin-container[11122:587760] nil host used in call to allowsAnyHTTPSCertificateForHost:
Read port: 60879
1697898518242	RemoteAgent	WARN	TLS certificate errors will be ignored for this session
Oct 21, 2023 10:28:40 AM org.openqa.selenium.remote.ProtocolHandshake createSession
INFO: Detected dialect: W3C
2023-10-21 14:28:40.548 plugin-container[11128:587991] nil host used in call to allowsSpecificHTTPSCertificateForHost
2023-10-21 14:28:40.548 plugin-container[11128:587991] nil host used in call to allowsAnyHTTPSCertificateForHost:
2023-10-21 14:28:40.567 plugin-container[11128:587991] nil host used in call to allowsSpecificHTTPSCertificateForHost
2023-10-21 14:28:40.569 plugin-container[11128:587991] nil host used in call to allowsAnyHTTPSCertificateForHost:
2023-10-21 14:28:40.573 plugin-container[11128:588012] nil host used in call to allowsSpecificHTTPSCertificateForHost
2023-10-21 14:28:40.573 plugin-container[11128:588012] nil host used in call to allowsAnyHTTPSCertificateForHost:
JavaScript error: http://sultanmamytov.mydevx.com/bank/js/dashboard.js, line 39: ReferenceError: Chart is not defined
JavaScript error: http://sultanmamytov.mydevx.com/bank/js/widgets.js, line 24: TypeError: ctx is null
JavaScript error: http://sultanmamytov.mydevx.com/bank/signup, line 160: TypeError: $(...).datepicker is not a function
]]></system-err>
  </testcase>
  <testcase name="Example #2" classname="co.wedevx.digitalbank.automation.ui.runners.UIRegressionRunner" time="8.797">
    <error message="Unable to locate element: #agree\-terms&#10;For documentation on this error, please visit: https://www.seleniumhq.org/exceptions/no_such_element.html&#10;Build info: version: &apos;3.141.59&apos;, revision: &apos;e82be7d358&apos;, time: &apos;2018-11-14T08:17:03&apos;&#10;System info: host: &apos;user1s-MacBook-Pro.local&apos;, ip: &apos;2601:5c1:4401:43c0:0:0:0:525a%en0&apos;, os.name: &apos;Mac OS X&apos;, os.arch: &apos;x86_64&apos;, os.version: &apos;12.6.8&apos;, java.version: &apos;19.0.1&apos;&#10;Driver info: org.openqa.selenium.firefox.FirefoxDriver&#10;Capabilities {acceptInsecureCerts: true, browserName: firefox, browserVersion: 118.0.2, javascriptEnabled: true, moz:accessibilityChecks: false, moz:buildID: 20231009140911, moz:geckodriverVersion: 0.33.0, moz:headless: false, moz:platformVersion: 21.6.0, moz:processID: 11120, moz:profile: /var/folders/tv/gdz5bgzj6bx..., moz:shutdownTimeout: 60000, moz:webdriverClick: true, moz:windowless: false, pageLoadStrategy: normal, platform: MAC, platformName: MAC, proxy: Proxy(), setWindowRect: true, strictFileInteractability: false, timeouts: {implicit: 0, pageLoad: 300000, script: 30000}, unhandledPromptBehavior: dismiss and notify}&#10;Session ID: 362186c2-74e9-4a8a-8b23-d82455e60d0a&#10;*** Element info: {Using=id, value=agree-terms}" type="org.openqa.selenium.NoSuchElementException">org.openqa.selenium.NoSuchElementException: 
Unable to locate element: #agree\-terms
For documentation on this error, please visit: https://www.seleniumhq.org/exceptions/no_such_element.html
Build info: version: '3.141.59', revision: 'e82be7d358', time: '2018-11-14T08:17:03'
System info: host: 'user1s-MacBook-Pro.local', ip: '2601:5c1:4401:43c0:0:0:0:525a%en0', os.name: 'Mac OS X', os.arch: 'x86_64', os.version: '12.6.8', java.version: '19.0.1'
Driver info: org.openqa.selenium.firefox.FirefoxDriver
Capabilities {acceptInsecureCerts: true, browserName: firefox, browserVersion: 118.0.2, javascriptEnabled: true, moz:accessibilityChecks: false, moz:buildID: 20231009140911, moz:geckodriverVersion: 0.33.0, moz:headless: false, moz:platformVersion: 21.6.0, moz:processID: 11120, moz:profile: /var/folders/tv/gdz5bgzj6bx..., moz:shutdownTimeout: 60000, moz:webdriverClick: true, moz:windowless: false, pageLoadStrategy: normal, platform: MAC, platformName: MAC, proxy: Proxy(), setWindowRect: true, strictFileInteractability: false, timeouts: {implicit: 0, pageLoad: 300000, script: 30000}, unhandledPromptBehavior: dismiss and notify}
Session ID: 362186c2-74e9-4a8a-8b23-d82455e60d0a
*** Element info: {Using=id, value=agree-terms}
</error>
    <system-out><![CDATA[
@Registration @NegativeRegistrationCases
Scenario Outline: Negative Test Case: As a DB admin, I want to make sure users can't register without providing all valid data &amp#27;[90m# ui.features/LoginAndRegistration/Registration.feature:35&amp#27;[0m
  &amp#27;[32mGiven &amp#27;[0m&amp#27;[32mthe user with &amp#27;[0m&amp#27;[32m&amp#27;[1m"jack@test.com"&amp#27;[0m&amp#27;[32m is not in DB&amp#27;[0m                                                                             &amp#27;[90m# co.wedevx.digitalbank.automation.ui.steps.RegistrationSteps.theUserWithIsNotInDB(java.lang.String)&amp#27;[0m
  &amp#27;[32mAnd &amp#27;[0m&amp#27;[32mUser navigates to Digital Bank signup page&amp#27;[0m                                                                               &amp#27;[90m# co.wedevx.digitalbank.automation.ui.steps.RegistrationSteps.user_navigates_to_digital_bank_signup_page()&amp#27;[0m
  &amp#27;[31mWhen &amp#27;[0m&amp#27;[31mUser creates account with the following fields&amp#27;[0m                                                                          &amp#27;[90m# co.wedevx.digitalbank.automation.ui.steps.RegistrationSteps.user_creates_account_with_the_following_fields(java.util.List<java.util.Map<java.lang.String, java.lang.String>>)&amp#27;[0m
    | title | firstName | lastName | gender  | dob     | ssn     | email   | password | address | locality | region  | postalCode | country | homePhone | mobilePhone | workPhone |
    | Mr.   | [empty]   | [empty]  | [empty] | [empty] | [empty] | [empty] | [empty]  | [empty] | [empty]  | [empty] | [empty]    | [empty] | [empty]   | [empty]     | [empty]   |
      &amp#27;[31morg.openqa.selenium.NoSuchElementException: Unable to locate element: #agree\-terms
For documentation on this error, please visit: https://www.seleniumhq.org/exceptions/no_such_element.html
Build info: version: '3.141.59', revision: 'e82be7d358', time: '2018-11-14T08:17:03'
System info: host: 'user1s-MacBook-Pro.local', ip: '2601:5c1:4401:43c0:0:0:0:525a%en0', os.name: 'Mac OS X', os.arch: 'x86_64', os.version: '12.6.8', java.version: '19.0.1'
Driver info: org.openqa.selenium.firefox.FirefoxDriver
Capabilities {acceptInsecureCerts: true, browserName: firefox, browserVersion: 118.0.2, javascriptEnabled: true, moz:accessibilityChecks: false, moz:buildID: 20231009140911, moz:geckodriverVersion: 0.33.0, moz:headless: false, moz:platformVersion: 21.6.0, moz:processID: 11120, moz:profile: /var/folders/tv/gdz5bgzj6bx..., moz:shutdownTimeout: 60000, moz:webdriverClick: true, moz:windowless: false, pageLoadStrategy: normal, platform: MAC, platformName: MAC, proxy: Proxy(), setWindowRect: true, strictFileInteractability: false, timeouts: {implicit: 0, pageLoad: 300000, script: 30000}, unhandledPromptBehavior: dismiss and notify}
Session ID: 362186c2-74e9-4a8a-8b23-d82455e60d0a
*** Element info: {Using=id, value=agree-terms}
	at java.base/jdk.internal.reflect.DirectConstructorHandleAccessor.newInstance(DirectConstructorHandleAccessor.java:67)
	at java.base/java.lang.reflect.Constructor.newInstanceWithCaller(Constructor.java:500)
	at java.base/java.lang.reflect.Constructor.newInstance(Constructor.java:484)
	at org.openqa.selenium.remote.http.W3CHttpResponseCodec.createException(W3CHttpResponseCodec.java:187)
	at org.openqa.selenium.remote.http.W3CHttpResponseCodec.decode(W3CHttpResponseCodec.java:122)
	at org.openqa.selenium.remote.http.W3CHttpResponseCodec.decode(W3CHttpResponseCodec.java:49)
	at org.openqa.selenium.remote.HttpCommandExecutor.execute(HttpCommandExecutor.java:158)
	at org.openqa.selenium.remote.service.DriverCommandExecutor.execute(DriverCommandExecutor.java:83)
	at org.openqa.selenium.remote.RemoteWebDriver.execute(RemoteWebDriver.java:552)
	at org.openqa.selenium.remote.RemoteWebDriver.findElement(RemoteWebDriver.java:323)
	at org.openqa.selenium.remote.RemoteWebDriver.findElementById(RemoteWebDriver.java:372)
	at org.openqa.selenium.By$ById.findElement(By.java:188)
	at org.openqa.selenium.remote.RemoteWebDriver.findElement(RemoteWebDriver.java:315)
	at org.openqa.selenium.support.pagefactory.DefaultElementLocator.findElement(DefaultElementLocator.java:69)
	at org.openqa.selenium.support.pagefactory.internal.LocatingElementHandler.invoke(LocatingElementHandler.java:38)
	at jdk.proxy2/jdk.proxy2.$Proxy21.click(Unknown Source)
	at co.wedevx.digitalbank.automation.ui.pages.RegistrationPage.fillOutRegistrationPage(RegistrationPage.java:139)
	at co.wedevx.digitalbank.automation.ui.steps.RegistrationSteps.user_creates_account_with_the_following_fields(RegistrationSteps.java:30)
	at ✽.User creates account with the following fields(classpath:ui.features/LoginAndRegistration/Registration.feature:24)
&amp#27;[0m
  &amp#27;[36mThen &amp#27;[0m&amp#27;[36mUser should the &amp#27;[0m&amp#27;[36m&amp#27;[1m"firstName"&amp#27;[0m&amp#27;[36m required field error message &amp#27;[0m&amp#27;[36m&amp#27;[1m"Please fill out this field."&amp#27;[0m                                  &amp#27;[90m# co.wedevx.digitalbank.automation.ui.steps.RegistrationSteps.userShouldTheRequiredFieldErrorMessage(java.lang.String,java.lang.String)&amp#27;[0m
]]></system-out>
    <system-err><![CDATA[JavaScript error: http://sultanmamytov.mydevx.com/bank/js/dashboard.js, line 39: ReferenceError: Chart is not defined
JavaScript error: http://sultanmamytov.mydevx.com/bank/js/widgets.js, line 24: TypeError: ctx is null
JavaScript error: http://sultanmamytov.mydevx.com/bank/signup, line 160: TypeError: $(...).datepicker is not a function
]]></system-err>
  </testcase>
  <testcase name="Example #3" classname="co.wedevx.digitalbank.automation.ui.runners.UIRegressionRunner" time="8.853">
    <error message="Unable to locate element: #agree\-terms&#10;For documentation on this error, please visit: https://www.seleniumhq.org/exceptions/no_such_element.html&#10;Build info: version: &apos;3.141.59&apos;, revision: &apos;e82be7d358&apos;, time: &apos;2018-11-14T08:17:03&apos;&#10;System info: host: &apos;user1s-MacBook-Pro.local&apos;, ip: &apos;2601:5c1:4401:43c0:0:0:0:525a%en0&apos;, os.name: &apos;Mac OS X&apos;, os.arch: &apos;x86_64&apos;, os.version: &apos;12.6.8&apos;, java.version: &apos;19.0.1&apos;&#10;Driver info: org.openqa.selenium.firefox.FirefoxDriver&#10;Capabilities {acceptInsecureCerts: true, browserName: firefox, browserVersion: 118.0.2, javascriptEnabled: true, moz:accessibilityChecks: false, moz:buildID: 20231009140911, moz:geckodriverVersion: 0.33.0, moz:headless: false, moz:platformVersion: 21.6.0, moz:processID: 11120, moz:profile: /var/folders/tv/gdz5bgzj6bx..., moz:shutdownTimeout: 60000, moz:webdriverClick: true, moz:windowless: false, pageLoadStrategy: normal, platform: MAC, platformName: MAC, proxy: Proxy(), setWindowRect: true, strictFileInteractability: false, timeouts: {implicit: 0, pageLoad: 300000, script: 30000}, unhandledPromptBehavior: dismiss and notify}&#10;Session ID: 362186c2-74e9-4a8a-8b23-d82455e60d0a&#10;*** Element info: {Using=id, value=agree-terms}" type="org.openqa.selenium.NoSuchElementException">org.openqa.selenium.NoSuchElementException: 
Unable to locate element: #agree\-terms
For documentation on this error, please visit: https://www.seleniumhq.org/exceptions/no_such_element.html
Build info: version: '3.141.59', revision: 'e82be7d358', time: '2018-11-14T08:17:03'
System info: host: 'user1s-MacBook-Pro.local', ip: '2601:5c1:4401:43c0:0:0:0:525a%en0', os.name: 'Mac OS X', os.arch: 'x86_64', os.version: '12.6.8', java.version: '19.0.1'
Driver info: org.openqa.selenium.firefox.FirefoxDriver
Capabilities {acceptInsecureCerts: true, browserName: firefox, browserVersion: 118.0.2, javascriptEnabled: true, moz:accessibilityChecks: false, moz:buildID: 20231009140911, moz:geckodriverVersion: 0.33.0, moz:headless: false, moz:platformVersion: 21.6.0, moz:processID: 11120, moz:profile: /var/folders/tv/gdz5bgzj6bx..., moz:shutdownTimeout: 60000, moz:webdriverClick: true, moz:windowless: false, pageLoadStrategy: normal, platform: MAC, platformName: MAC, proxy: Proxy(), setWindowRect: true, strictFileInteractability: false, timeouts: {implicit: 0, pageLoad: 300000, script: 30000}, unhandledPromptBehavior: dismiss and notify}
Session ID: 362186c2-74e9-4a8a-8b23-d82455e60d0a
*** Element info: {Using=id, value=agree-terms}
</error>
    <system-out><![CDATA[
@Registration @NegativeRegistrationCases
Scenario Outline: Negative Test Case: As a DB admin, I want to make sure users can't register without providing all valid data &amp#27;[90m# ui.features/LoginAndRegistration/Registration.feature:36&amp#27;[0m
  &amp#27;[32mGiven &amp#27;[0m&amp#27;[32mthe user with &amp#27;[0m&amp#27;[32m&amp#27;[1m"jack@test.com"&amp#27;[0m&amp#27;[32m is not in DB&amp#27;[0m                                                                             &amp#27;[90m# co.wedevx.digitalbank.automation.ui.steps.RegistrationSteps.theUserWithIsNotInDB(java.lang.String)&amp#27;[0m
  &amp#27;[32mAnd &amp#27;[0m&amp#27;[32mUser navigates to Digital Bank signup page&amp#27;[0m                                                                               &amp#27;[90m# co.wedevx.digitalbank.automation.ui.steps.RegistrationSteps.user_navigates_to_digital_bank_signup_page()&amp#27;[0m
  &amp#27;[31mWhen &amp#27;[0m&amp#27;[31mUser creates account with the following fields&amp#27;[0m                                                                          &amp#27;[90m# co.wedevx.digitalbank.automation.ui.steps.RegistrationSteps.user_creates_account_with_the_following_fields(java.util.List<java.util.Map<java.lang.String, java.lang.String>>)&amp#27;[0m
    | title | firstName | lastName | gender  | dob     | ssn     | email   | password | address | locality | region  | postalCode | country | homePhone | mobilePhone | workPhone |
    | Mr.   | Jack      | [empty]  | [empty] | [empty] | [empty] | [empty] | [empty]  | [empty] | [empty]  | [empty] | [empty]    | [empty] | [empty]   | [empty]     | [empty]   |
      &amp#27;[31morg.openqa.selenium.NoSuchElementException: Unable to locate element: #agree\-terms
For documentation on this error, please visit: https://www.seleniumhq.org/exceptions/no_such_element.html
Build info: version: '3.141.59', revision: 'e82be7d358', time: '2018-11-14T08:17:03'
System info: host: 'user1s-MacBook-Pro.local', ip: '2601:5c1:4401:43c0:0:0:0:525a%en0', os.name: 'Mac OS X', os.arch: 'x86_64', os.version: '12.6.8', java.version: '19.0.1'
Driver info: org.openqa.selenium.firefox.FirefoxDriver
Capabilities {acceptInsecureCerts: true, browserName: firefox, browserVersion: 118.0.2, javascriptEnabled: true, moz:accessibilityChecks: false, moz:buildID: 20231009140911, moz:geckodriverVersion: 0.33.0, moz:headless: false, moz:platformVersion: 21.6.0, moz:processID: 11120, moz:profile: /var/folders/tv/gdz5bgzj6bx..., moz:shutdownTimeout: 60000, moz:webdriverClick: true, moz:windowless: false, pageLoadStrategy: normal, platform: MAC, platformName: MAC, proxy: Proxy(), setWindowRect: true, strictFileInteractability: false, timeouts: {implicit: 0, pageLoad: 300000, script: 30000}, unhandledPromptBehavior: dismiss and notify}
Session ID: 362186c2-74e9-4a8a-8b23-d82455e60d0a
*** Element info: {Using=id, value=agree-terms}
	at java.base/jdk.internal.reflect.DirectConstructorHandleAccessor.newInstance(DirectConstructorHandleAccessor.java:67)
	at java.base/java.lang.reflect.Constructor.newInstanceWithCaller(Constructor.java:500)
	at java.base/java.lang.reflect.Constructor.newInstance(Constructor.java:484)
	at org.openqa.selenium.remote.http.W3CHttpResponseCodec.createException(W3CHttpResponseCodec.java:187)
	at org.openqa.selenium.remote.http.W3CHttpResponseCodec.decode(W3CHttpResponseCodec.java:122)
	at org.openqa.selenium.remote.http.W3CHttpResponseCodec.decode(W3CHttpResponseCodec.java:49)
	at org.openqa.selenium.remote.HttpCommandExecutor.execute(HttpCommandExecutor.java:158)
	at org.openqa.selenium.remote.service.DriverCommandExecutor.execute(DriverCommandExecutor.java:83)
	at org.openqa.selenium.remote.RemoteWebDriver.execute(RemoteWebDriver.java:552)
	at org.openqa.selenium.remote.RemoteWebDriver.findElement(RemoteWebDriver.java:323)
	at org.openqa.selenium.remote.RemoteWebDriver.findElementById(RemoteWebDriver.java:372)
	at org.openqa.selenium.By$ById.findElement(By.java:188)
	at org.openqa.selenium.remote.RemoteWebDriver.findElement(RemoteWebDriver.java:315)
	at org.openqa.selenium.support.pagefactory.DefaultElementLocator.findElement(DefaultElementLocator.java:69)
	at org.openqa.selenium.support.pagefactory.internal.LocatingElementHandler.invoke(LocatingElementHandler.java:38)
	at jdk.proxy2/jdk.proxy2.$Proxy21.click(Unknown Source)
	at co.wedevx.digitalbank.automation.ui.pages.RegistrationPage.fillOutRegistrationPage(RegistrationPage.java:139)
	at co.wedevx.digitalbank.automation.ui.steps.RegistrationSteps.user_creates_account_with_the_following_fields(RegistrationSteps.java:30)
	at ✽.User creates account with the following fields(classpath:ui.features/LoginAndRegistration/Registration.feature:24)
&amp#27;[0m
  &amp#27;[36mThen &amp#27;[0m&amp#27;[36mUser should the &amp#27;[0m&amp#27;[36m&amp#27;[1m"lastName"&amp#27;[0m&amp#27;[36m required field error message &amp#27;[0m&amp#27;[36m&amp#27;[1m"Please fill out this field."&amp#27;[0m                                   &amp#27;[90m# co.wedevx.digitalbank.automation.ui.steps.RegistrationSteps.userShouldTheRequiredFieldErrorMessage(java.lang.String,java.lang.String)&amp#27;[0m
]]></system-out>
    <system-err><![CDATA[JavaScript error: http://sultanmamytov.mydevx.com/bank/js/dashboard.js, line 39: ReferenceError: Chart is not defined
JavaScript error: http://sultanmamytov.mydevx.com/bank/js/widgets.js, line 24: TypeError: ctx is null
JavaScript error: http://sultanmamytov.mydevx.com/bank/signup, line 160: TypeError: $(...).datepicker is not a function
]]></system-err>
  </testcase>
  <testcase name="Example #4" classname="co.wedevx.digitalbank.automation.ui.runners.UIRegressionRunner" time="9.284">
    <error message="Unable to locate element: #agree\-terms&#10;For documentation on this error, please visit: https://www.seleniumhq.org/exceptions/no_such_element.html&#10;Build info: version: &apos;3.141.59&apos;, revision: &apos;e82be7d358&apos;, time: &apos;2018-11-14T08:17:03&apos;&#10;System info: host: &apos;user1s-MacBook-Pro.local&apos;, ip: &apos;2601:5c1:4401:43c0:0:0:0:525a%en0&apos;, os.name: &apos;Mac OS X&apos;, os.arch: &apos;x86_64&apos;, os.version: &apos;12.6.8&apos;, java.version: &apos;19.0.1&apos;&#10;Driver info: org.openqa.selenium.firefox.FirefoxDriver&#10;Capabilities {acceptInsecureCerts: true, browserName: firefox, browserVersion: 118.0.2, javascriptEnabled: true, moz:accessibilityChecks: false, moz:buildID: 20231009140911, moz:geckodriverVersion: 0.33.0, moz:headless: false, moz:platformVersion: 21.6.0, moz:processID: 11120, moz:profile: /var/folders/tv/gdz5bgzj6bx..., moz:shutdownTimeout: 60000, moz:webdriverClick: true, moz:windowless: false, pageLoadStrategy: normal, platform: MAC, platformName: MAC, proxy: Proxy(), setWindowRect: true, strictFileInteractability: false, timeouts: {implicit: 0, pageLoad: 300000, script: 30000}, unhandledPromptBehavior: dismiss and notify}&#10;Session ID: 362186c2-74e9-4a8a-8b23-d82455e60d0a&#10;*** Element info: {Using=id, value=agree-terms}" type="org.openqa.selenium.NoSuchElementException">org.openqa.selenium.NoSuchElementException: 
Unable to locate element: #agree\-terms
For documentation on this error, please visit: https://www.seleniumhq.org/exceptions/no_such_element.html
Build info: version: '3.141.59', revision: 'e82be7d358', time: '2018-11-14T08:17:03'
System info: host: 'user1s-MacBook-Pro.local', ip: '2601:5c1:4401:43c0:0:0:0:525a%en0', os.name: 'Mac OS X', os.arch: 'x86_64', os.version: '12.6.8', java.version: '19.0.1'
Driver info: org.openqa.selenium.firefox.FirefoxDriver
Capabilities {acceptInsecureCerts: true, browserName: firefox, browserVersion: 118.0.2, javascriptEnabled: true, moz:accessibilityChecks: false, moz:buildID: 20231009140911, moz:geckodriverVersion: 0.33.0, moz:headless: false, moz:platformVersion: 21.6.0, moz:processID: 11120, moz:profile: /var/folders/tv/gdz5bgzj6bx..., moz:shutdownTimeout: 60000, moz:webdriverClick: true, moz:windowless: false, pageLoadStrategy: normal, platform: MAC, platformName: MAC, proxy: Proxy(), setWindowRect: true, strictFileInteractability: false, timeouts: {implicit: 0, pageLoad: 300000, script: 30000}, unhandledPromptBehavior: dismiss and notify}
Session ID: 362186c2-74e9-4a8a-8b23-d82455e60d0a
*** Element info: {Using=id, value=agree-terms}
</error>
    <system-out><![CDATA[
@Registration @NegativeRegistrationCases
Scenario Outline: Negative Test Case: As a DB admin, I want to make sure users can't register without providing all valid data &amp#27;[90m# ui.features/LoginAndRegistration/Registration.feature:37&amp#27;[0m
  &amp#27;[32mGiven &amp#27;[0m&amp#27;[32mthe user with &amp#27;[0m&amp#27;[32m&amp#27;[1m"jack@test.com"&amp#27;[0m&amp#27;[32m is not in DB&amp#27;[0m                                                                             &amp#27;[90m# co.wedevx.digitalbank.automation.ui.steps.RegistrationSteps.theUserWithIsNotInDB(java.lang.String)&amp#27;[0m
  &amp#27;[32mAnd &amp#27;[0m&amp#27;[32mUser navigates to Digital Bank signup page&amp#27;[0m                                                                               &amp#27;[90m# co.wedevx.digitalbank.automation.ui.steps.RegistrationSteps.user_navigates_to_digital_bank_signup_page()&amp#27;[0m
  &amp#27;[31mWhen &amp#27;[0m&amp#27;[31mUser creates account with the following fields&amp#27;[0m                                                                          &amp#27;[90m# co.wedevx.digitalbank.automation.ui.steps.RegistrationSteps.user_creates_account_with_the_following_fields(java.util.List<java.util.Map<java.lang.String, java.lang.String>>)&amp#27;[0m
    | title | firstName | lastName | gender  | dob     | ssn     | email   | password | address | locality | region  | postalCode | country | homePhone | mobilePhone | workPhone |
    | Mr.   | Jack      | Test     | [empty] | [empty] | [empty] | [empty] | [empty]  | [empty] | [empty]  | [empty] | [empty]    | [empty] | [empty]   | [empty]     | [empty]   |
      &amp#27;[31morg.openqa.selenium.NoSuchElementException: Unable to locate element: #agree\-terms
For documentation on this error, please visit: https://www.seleniumhq.org/exceptions/no_such_element.html
Build info: version: '3.141.59', revision: 'e82be7d358', time: '2018-11-14T08:17:03'
System info: host: 'user1s-MacBook-Pro.local', ip: '2601:5c1:4401:43c0:0:0:0:525a%en0', os.name: 'Mac OS X', os.arch: 'x86_64', os.version: '12.6.8', java.version: '19.0.1'
Driver info: org.openqa.selenium.firefox.FirefoxDriver
Capabilities {acceptInsecureCerts: true, browserName: firefox, browserVersion: 118.0.2, javascriptEnabled: true, moz:accessibilityChecks: false, moz:buildID: 20231009140911, moz:geckodriverVersion: 0.33.0, moz:headless: false, moz:platformVersion: 21.6.0, moz:processID: 11120, moz:profile: /var/folders/tv/gdz5bgzj6bx..., moz:shutdownTimeout: 60000, moz:webdriverClick: true, moz:windowless: false, pageLoadStrategy: normal, platform: MAC, platformName: MAC, proxy: Proxy(), setWindowRect: true, strictFileInteractability: false, timeouts: {implicit: 0, pageLoad: 300000, script: 30000}, unhandledPromptBehavior: dismiss and notify}
Session ID: 362186c2-74e9-4a8a-8b23-d82455e60d0a
*** Element info: {Using=id, value=agree-terms}
	at java.base/jdk.internal.reflect.DirectConstructorHandleAccessor.newInstance(DirectConstructorHandleAccessor.java:67)
	at java.base/java.lang.reflect.Constructor.newInstanceWithCaller(Constructor.java:500)
	at java.base/java.lang.reflect.Constructor.newInstance(Constructor.java:484)
	at org.openqa.selenium.remote.http.W3CHttpResponseCodec.createException(W3CHttpResponseCodec.java:187)
	at org.openqa.selenium.remote.http.W3CHttpResponseCodec.decode(W3CHttpResponseCodec.java:122)
	at org.openqa.selenium.remote.http.W3CHttpResponseCodec.decode(W3CHttpResponseCodec.java:49)
	at org.openqa.selenium.remote.HttpCommandExecutor.execute(HttpCommandExecutor.java:158)
	at org.openqa.selenium.remote.service.DriverCommandExecutor.execute(DriverCommandExecutor.java:83)
	at org.openqa.selenium.remote.RemoteWebDriver.execute(RemoteWebDriver.java:552)
	at org.openqa.selenium.remote.RemoteWebDriver.findElement(RemoteWebDriver.java:323)
	at org.openqa.selenium.remote.RemoteWebDriver.findElementById(RemoteWebDriver.java:372)
	at org.openqa.selenium.By$ById.findElement(By.java:188)
	at org.openqa.selenium.remote.RemoteWebDriver.findElement(RemoteWebDriver.java:315)
	at org.openqa.selenium.support.pagefactory.DefaultElementLocator.findElement(DefaultElementLocator.java:69)
	at org.openqa.selenium.support.pagefactory.internal.LocatingElementHandler.invoke(LocatingElementHandler.java:38)
	at jdk.proxy2/jdk.proxy2.$Proxy21.click(Unknown Source)
	at co.wedevx.digitalbank.automation.ui.pages.RegistrationPage.fillOutRegistrationPage(RegistrationPage.java:139)
	at co.wedevx.digitalbank.automation.ui.steps.RegistrationSteps.user_creates_account_with_the_following_fields(RegistrationSteps.java:30)
	at ✽.User creates account with the following fields(classpath:ui.features/LoginAndRegistration/Registration.feature:24)
&amp#27;[0m
  &amp#27;[36mThen &amp#27;[0m&amp#27;[36mUser should the &amp#27;[0m&amp#27;[36m&amp#27;[1m"gender"&amp#27;[0m&amp#27;[36m required field error message &amp#27;[0m&amp#27;[36m&amp#27;[1m"Please select one of these options."&amp#27;[0m                             &amp#27;[90m# co.wedevx.digitalbank.automation.ui.steps.RegistrationSteps.userShouldTheRequiredFieldErrorMessage(java.lang.String,java.lang.String)&amp#27;[0m
]]></system-out>
    <system-err><![CDATA[JavaScript error: http://sultanmamytov.mydevx.com/bank/js/dashboard.js, line 39: ReferenceError: Chart is not defined
JavaScript error: http://sultanmamytov.mydevx.com/bank/js/widgets.js, line 24: TypeError: ctx is null
JavaScript error: http://sultanmamytov.mydevx.com/bank/signup, line 160: TypeError: $(...).datepicker is not a function
]]></system-err>
  </testcase>
  <testcase name="Example #5" classname="co.wedevx.digitalbank.automation.ui.runners.UIRegressionRunner" time="9.896">
    <error message="Unable to locate element: #agree\-terms&#10;For documentation on this error, please visit: https://www.seleniumhq.org/exceptions/no_such_element.html&#10;Build info: version: &apos;3.141.59&apos;, revision: &apos;e82be7d358&apos;, time: &apos;2018-11-14T08:17:03&apos;&#10;System info: host: &apos;user1s-MacBook-Pro.local&apos;, ip: &apos;2601:5c1:4401:43c0:0:0:0:525a%en0&apos;, os.name: &apos;Mac OS X&apos;, os.arch: &apos;x86_64&apos;, os.version: &apos;12.6.8&apos;, java.version: &apos;19.0.1&apos;&#10;Driver info: org.openqa.selenium.firefox.FirefoxDriver&#10;Capabilities {acceptInsecureCerts: true, browserName: firefox, browserVersion: 118.0.2, javascriptEnabled: true, moz:accessibilityChecks: false, moz:buildID: 20231009140911, moz:geckodriverVersion: 0.33.0, moz:headless: false, moz:platformVersion: 21.6.0, moz:processID: 11120, moz:profile: /var/folders/tv/gdz5bgzj6bx..., moz:shutdownTimeout: 60000, moz:webdriverClick: true, moz:windowless: false, pageLoadStrategy: normal, platform: MAC, platformName: MAC, proxy: Proxy(), setWindowRect: true, strictFileInteractability: false, timeouts: {implicit: 0, pageLoad: 300000, script: 30000}, unhandledPromptBehavior: dismiss and notify}&#10;Session ID: 362186c2-74e9-4a8a-8b23-d82455e60d0a&#10;*** Element info: {Using=id, value=agree-terms}" type="org.openqa.selenium.NoSuchElementException">org.openqa.selenium.NoSuchElementException: 
Unable to locate element: #agree\-terms
For documentation on this error, please visit: https://www.seleniumhq.org/exceptions/no_such_element.html
Build info: version: '3.141.59', revision: 'e82be7d358', time: '2018-11-14T08:17:03'
System info: host: 'user1s-MacBook-Pro.local', ip: '2601:5c1:4401:43c0:0:0:0:525a%en0', os.name: 'Mac OS X', os.arch: 'x86_64', os.version: '12.6.8', java.version: '19.0.1'
Driver info: org.openqa.selenium.firefox.FirefoxDriver
Capabilities {acceptInsecureCerts: true, browserName: firefox, browserVersion: 118.0.2, javascriptEnabled: true, moz:accessibilityChecks: false, moz:buildID: 20231009140911, moz:geckodriverVersion: 0.33.0, moz:headless: false, moz:platformVersion: 21.6.0, moz:processID: 11120, moz:profile: /var/folders/tv/gdz5bgzj6bx..., moz:shutdownTimeout: 60000, moz:webdriverClick: true, moz:windowless: false, pageLoadStrategy: normal, platform: MAC, platformName: MAC, proxy: Proxy(), setWindowRect: true, strictFileInteractability: false, timeouts: {implicit: 0, pageLoad: 300000, script: 30000}, unhandledPromptBehavior: dismiss and notify}
Session ID: 362186c2-74e9-4a8a-8b23-d82455e60d0a
*** Element info: {Using=id, value=agree-terms}
</error>
    <system-out><![CDATA[
@Registration @NegativeRegistrationCases
Scenario Outline: Negative Test Case: As a DB admin, I want to make sure users can't register without providing all valid data &amp#27;[90m# ui.features/LoginAndRegistration/Registration.feature:38&amp#27;[0m
  &amp#27;[32mGiven &amp#27;[0m&amp#27;[32mthe user with &amp#27;[0m&amp#27;[32m&amp#27;[1m"jack@test.com"&amp#27;[0m&amp#27;[32m is not in DB&amp#27;[0m                                                                             &amp#27;[90m# co.wedevx.digitalbank.automation.ui.steps.RegistrationSteps.theUserWithIsNotInDB(java.lang.String)&amp#27;[0m
  &amp#27;[32mAnd &amp#27;[0m&amp#27;[32mUser navigates to Digital Bank signup page&amp#27;[0m                                                                               &amp#27;[90m# co.wedevx.digitalbank.automation.ui.steps.RegistrationSteps.user_navigates_to_digital_bank_signup_page()&amp#27;[0m
  &amp#27;[31mWhen &amp#27;[0m&amp#27;[31mUser creates account with the following fields&amp#27;[0m                                                                          &amp#27;[90m# co.wedevx.digitalbank.automation.ui.steps.RegistrationSteps.user_creates_account_with_the_following_fields(java.util.List<java.util.Map<java.lang.String, java.lang.String>>)&amp#27;[0m
    | title | firstName | lastName | gender | dob     | ssn     | email   | password | address | locality | region  | postalCode | country | homePhone | mobilePhone | workPhone |
    | Mr.   | Jack      | Test     | M      | [empty] | [empty] | [empty] | [empty]  | [empty] | [empty]  | [empty] | [empty]    | [empty] | [empty]   | [empty]     | [empty]   |
      &amp#27;[31morg.openqa.selenium.NoSuchElementException: Unable to locate element: #agree\-terms
For documentation on this error, please visit: https://www.seleniumhq.org/exceptions/no_such_element.html
Build info: version: '3.141.59', revision: 'e82be7d358', time: '2018-11-14T08:17:03'
System info: host: 'user1s-MacBook-Pro.local', ip: '2601:5c1:4401:43c0:0:0:0:525a%en0', os.name: 'Mac OS X', os.arch: 'x86_64', os.version: '12.6.8', java.version: '19.0.1'
Driver info: org.openqa.selenium.firefox.FirefoxDriver
Capabilities {acceptInsecureCerts: true, browserName: firefox, browserVersion: 118.0.2, javascriptEnabled: true, moz:accessibilityChecks: false, moz:buildID: 20231009140911, moz:geckodriverVersion: 0.33.0, moz:headless: false, moz:platformVersion: 21.6.0, moz:processID: 11120, moz:profile: /var/folders/tv/gdz5bgzj6bx..., moz:shutdownTimeout: 60000, moz:webdriverClick: true, moz:windowless: false, pageLoadStrategy: normal, platform: MAC, platformName: MAC, proxy: Proxy(), setWindowRect: true, strictFileInteractability: false, timeouts: {implicit: 0, pageLoad: 300000, script: 30000}, unhandledPromptBehavior: dismiss and notify}
Session ID: 362186c2-74e9-4a8a-8b23-d82455e60d0a
*** Element info: {Using=id, value=agree-terms}
	at java.base/jdk.internal.reflect.DirectConstructorHandleAccessor.newInstance(DirectConstructorHandleAccessor.java:67)
	at java.base/java.lang.reflect.Constructor.newInstanceWithCaller(Constructor.java:500)
	at java.base/java.lang.reflect.Constructor.newInstance(Constructor.java:484)
	at org.openqa.selenium.remote.http.W3CHttpResponseCodec.createException(W3CHttpResponseCodec.java:187)
	at org.openqa.selenium.remote.http.W3CHttpResponseCodec.decode(W3CHttpResponseCodec.java:122)
	at org.openqa.selenium.remote.http.W3CHttpResponseCodec.decode(W3CHttpResponseCodec.java:49)
	at org.openqa.selenium.remote.HttpCommandExecutor.execute(HttpCommandExecutor.java:158)
	at org.openqa.selenium.remote.service.DriverCommandExecutor.execute(DriverCommandExecutor.java:83)
	at org.openqa.selenium.remote.RemoteWebDriver.execute(RemoteWebDriver.java:552)
	at org.openqa.selenium.remote.RemoteWebDriver.findElement(RemoteWebDriver.java:323)
	at org.openqa.selenium.remote.RemoteWebDriver.findElementById(RemoteWebDriver.java:372)
	at org.openqa.selenium.By$ById.findElement(By.java:188)
	at org.openqa.selenium.remote.RemoteWebDriver.findElement(RemoteWebDriver.java:315)
	at org.openqa.selenium.support.pagefactory.DefaultElementLocator.findElement(DefaultElementLocator.java:69)
	at org.openqa.selenium.support.pagefactory.internal.LocatingElementHandler.invoke(LocatingElementHandler.java:38)
	at jdk.proxy2/jdk.proxy2.$Proxy21.click(Unknown Source)
	at co.wedevx.digitalbank.automation.ui.pages.RegistrationPage.fillOutRegistrationPage(RegistrationPage.java:139)
	at co.wedevx.digitalbank.automation.ui.steps.RegistrationSteps.user_creates_account_with_the_following_fields(RegistrationSteps.java:30)
	at ✽.User creates account with the following fields(classpath:ui.features/LoginAndRegistration/Registration.feature:24)
&amp#27;[0m
  &amp#27;[36mThen &amp#27;[0m&amp#27;[36mUser should the &amp#27;[0m&amp#27;[36m&amp#27;[1m"dob"&amp#27;[0m&amp#27;[36m required field error message &amp#27;[0m&amp#27;[36m&amp#27;[1m"Please fill out this field."&amp#27;[0m                                        &amp#27;[90m# co.wedevx.digitalbank.automation.ui.steps.RegistrationSteps.userShouldTheRequiredFieldErrorMessage(java.lang.String,java.lang.String)&amp#27;[0m
]]></system-out>
    <system-err><![CDATA[JavaScript error: http://sultanmamytov.mydevx.com/bank/js/dashboard.js, line 39: ReferenceError: Chart is not defined
JavaScript error: http://sultanmamytov.mydevx.com/bank/js/widgets.js, line 24: TypeError: ctx is null
JavaScript error: http://sultanmamytov.mydevx.com/bank/signup, line 160: TypeError: $(...).datepicker is not a function
]]></system-err>
  </testcase>
  <testcase name="Example #6" classname="co.wedevx.digitalbank.automation.ui.runners.UIRegressionRunner" time="10.131">
    <error message="Unable to locate element: #agree\-terms&#10;For documentation on this error, please visit: https://www.seleniumhq.org/exceptions/no_such_element.html&#10;Build info: version: &apos;3.141.59&apos;, revision: &apos;e82be7d358&apos;, time: &apos;2018-11-14T08:17:03&apos;&#10;System info: host: &apos;user1s-MacBook-Pro.local&apos;, ip: &apos;2601:5c1:4401:43c0:0:0:0:525a%en0&apos;, os.name: &apos;Mac OS X&apos;, os.arch: &apos;x86_64&apos;, os.version: &apos;12.6.8&apos;, java.version: &apos;19.0.1&apos;&#10;Driver info: org.openqa.selenium.firefox.FirefoxDriver&#10;Capabilities {acceptInsecureCerts: true, browserName: firefox, browserVersion: 118.0.2, javascriptEnabled: true, moz:accessibilityChecks: false, moz:buildID: 20231009140911, moz:geckodriverVersion: 0.33.0, moz:headless: false, moz:platformVersion: 21.6.0, moz:processID: 11120, moz:profile: /var/folders/tv/gdz5bgzj6bx..., moz:shutdownTimeout: 60000, moz:webdriverClick: true, moz:windowless: false, pageLoadStrategy: normal, platform: MAC, platformName: MAC, proxy: Proxy(), setWindowRect: true, strictFileInteractability: false, timeouts: {implicit: 0, pageLoad: 300000, script: 30000}, unhandledPromptBehavior: dismiss and notify}&#10;Session ID: 362186c2-74e9-4a8a-8b23-d82455e60d0a&#10;*** Element info: {Using=id, value=agree-terms}" type="org.openqa.selenium.NoSuchElementException">org.openqa.selenium.NoSuchElementException: 
Unable to locate element: #agree\-terms
For documentation on this error, please visit: https://www.seleniumhq.org/exceptions/no_such_element.html
Build info: version: '3.141.59', revision: 'e82be7d358', time: '2018-11-14T08:17:03'
System info: host: 'user1s-MacBook-Pro.local', ip: '2601:5c1:4401:43c0:0:0:0:525a%en0', os.name: 'Mac OS X', os.arch: 'x86_64', os.version: '12.6.8', java.version: '19.0.1'
Driver info: org.openqa.selenium.firefox.FirefoxDriver
Capabilities {acceptInsecureCerts: true, browserName: firefox, browserVersion: 118.0.2, javascriptEnabled: true, moz:accessibilityChecks: false, moz:buildID: 20231009140911, moz:geckodriverVersion: 0.33.0, moz:headless: false, moz:platformVersion: 21.6.0, moz:processID: 11120, moz:profile: /var/folders/tv/gdz5bgzj6bx..., moz:shutdownTimeout: 60000, moz:webdriverClick: true, moz:windowless: false, pageLoadStrategy: normal, platform: MAC, platformName: MAC, proxy: Proxy(), setWindowRect: true, strictFileInteractability: false, timeouts: {implicit: 0, pageLoad: 300000, script: 30000}, unhandledPromptBehavior: dismiss and notify}
Session ID: 362186c2-74e9-4a8a-8b23-d82455e60d0a
*** Element info: {Using=id, value=agree-terms}
</error>
    <system-out><![CDATA[
@Registration @NegativeRegistrationCases
Scenario Outline: Negative Test Case: As a DB admin, I want to make sure users can't register without providing all valid data &amp#27;[90m# ui.features/LoginAndRegistration/Registration.feature:39&amp#27;[0m
  &amp#27;[32mGiven &amp#27;[0m&amp#27;[32mthe user with &amp#27;[0m&amp#27;[32m&amp#27;[1m"jack@test.com"&amp#27;[0m&amp#27;[32m is not in DB&amp#27;[0m                                                                             &amp#27;[90m# co.wedevx.digitalbank.automation.ui.steps.RegistrationSteps.theUserWithIsNotInDB(java.lang.String)&amp#27;[0m
  &amp#27;[32mAnd &amp#27;[0m&amp#27;[32mUser navigates to Digital Bank signup page&amp#27;[0m                                                                               &amp#27;[90m# co.wedevx.digitalbank.automation.ui.steps.RegistrationSteps.user_navigates_to_digital_bank_signup_page()&amp#27;[0m
  &amp#27;[31mWhen &amp#27;[0m&amp#27;[31mUser creates account with the following fields&amp#27;[0m                                                                          &amp#27;[90m# co.wedevx.digitalbank.automation.ui.steps.RegistrationSteps.user_creates_account_with_the_following_fields(java.util.List<java.util.Map<java.lang.String, java.lang.String>>)&amp#27;[0m
    | title | firstName | lastName | gender | dob        | ssn     | email   | password | address | locality | region  | postalCode | country | homePhone | mobilePhone | workPhone |
    | Mr.   | Jack      | Test     | M      | 12/12/1990 | [empty] | [empty] | [empty]  | [empty] | [empty]  | [empty] | [empty]    | [empty] | [empty]   | [empty]     | [empty]   |
      &amp#27;[31morg.openqa.selenium.NoSuchElementException: Unable to locate element: #agree\-terms
For documentation on this error, please visit: https://www.seleniumhq.org/exceptions/no_such_element.html
Build info: version: '3.141.59', revision: 'e82be7d358', time: '2018-11-14T08:17:03'
System info: host: 'user1s-MacBook-Pro.local', ip: '2601:5c1:4401:43c0:0:0:0:525a%en0', os.name: 'Mac OS X', os.arch: 'x86_64', os.version: '12.6.8', java.version: '19.0.1'
Driver info: org.openqa.selenium.firefox.FirefoxDriver
Capabilities {acceptInsecureCerts: true, browserName: firefox, browserVersion: 118.0.2, javascriptEnabled: true, moz:accessibilityChecks: false, moz:buildID: 20231009140911, moz:geckodriverVersion: 0.33.0, moz:headless: false, moz:platformVersion: 21.6.0, moz:processID: 11120, moz:profile: /var/folders/tv/gdz5bgzj6bx..., moz:shutdownTimeout: 60000, moz:webdriverClick: true, moz:windowless: false, pageLoadStrategy: normal, platform: MAC, platformName: MAC, proxy: Proxy(), setWindowRect: true, strictFileInteractability: false, timeouts: {implicit: 0, pageLoad: 300000, script: 30000}, unhandledPromptBehavior: dismiss and notify}
Session ID: 362186c2-74e9-4a8a-8b23-d82455e60d0a
*** Element info: {Using=id, value=agree-terms}
	at java.base/jdk.internal.reflect.DirectConstructorHandleAccessor.newInstance(DirectConstructorHandleAccessor.java:67)
	at java.base/java.lang.reflect.Constructor.newInstanceWithCaller(Constructor.java:500)
	at java.base/java.lang.reflect.Constructor.newInstance(Constructor.java:484)
	at org.openqa.selenium.remote.http.W3CHttpResponseCodec.createException(W3CHttpResponseCodec.java:187)
	at org.openqa.selenium.remote.http.W3CHttpResponseCodec.decode(W3CHttpResponseCodec.java:122)
	at org.openqa.selenium.remote.http.W3CHttpResponseCodec.decode(W3CHttpResponseCodec.java:49)
	at org.openqa.selenium.remote.HttpCommandExecutor.execute(HttpCommandExecutor.java:158)
	at org.openqa.selenium.remote.service.DriverCommandExecutor.execute(DriverCommandExecutor.java:83)
	at org.openqa.selenium.remote.RemoteWebDriver.execute(RemoteWebDriver.java:552)
	at org.openqa.selenium.remote.RemoteWebDriver.findElement(RemoteWebDriver.java:323)
	at org.openqa.selenium.remote.RemoteWebDriver.findElementById(RemoteWebDriver.java:372)
	at org.openqa.selenium.By$ById.findElement(By.java:188)
	at org.openqa.selenium.remote.RemoteWebDriver.findElement(RemoteWebDriver.java:315)
	at org.openqa.selenium.support.pagefactory.DefaultElementLocator.findElement(DefaultElementLocator.java:69)
	at org.openqa.selenium.support.pagefactory.internal.LocatingElementHandler.invoke(LocatingElementHandler.java:38)
	at jdk.proxy2/jdk.proxy2.$Proxy21.click(Unknown Source)
	at co.wedevx.digitalbank.automation.ui.pages.RegistrationPage.fillOutRegistrationPage(RegistrationPage.java:139)
	at co.wedevx.digitalbank.automation.ui.steps.RegistrationSteps.user_creates_account_with_the_following_fields(RegistrationSteps.java:30)
	at ✽.User creates account with the following fields(classpath:ui.features/LoginAndRegistration/Registration.feature:24)
&amp#27;[0m
  &amp#27;[36mThen &amp#27;[0m&amp#27;[36mUser should the &amp#27;[0m&amp#27;[36m&amp#27;[1m"ssn"&amp#27;[0m&amp#27;[36m required field error message &amp#27;[0m&amp#27;[36m&amp#27;[1m"Please fill out this field."&amp#27;[0m                                        &amp#27;[90m# co.wedevx.digitalbank.automation.ui.steps.RegistrationSteps.userShouldTheRequiredFieldErrorMessage(java.lang.String,java.lang.String)&amp#27;[0m
]]></system-out>
    <system-err><![CDATA[JavaScript error: http://sultanmamytov.mydevx.com/bank/js/dashboard.js, line 39: ReferenceError: Chart is not defined
JavaScript error: http://sultanmamytov.mydevx.com/bank/js/widgets.js, line 24: TypeError: ctx is null
JavaScript error: http://sultanmamytov.mydevx.com/bank/signup, line 160: TypeError: $(...).datepicker is not a function
]]></system-err>
  </testcase>
  <testcase name="Example #7" classname="co.wedevx.digitalbank.automation.ui.runners.UIRegressionRunner" time="9.15">
    <error message="Unable to locate element: #agree\-terms&#10;For documentation on this error, please visit: https://www.seleniumhq.org/exceptions/no_such_element.html&#10;Build info: version: &apos;3.141.59&apos;, revision: &apos;e82be7d358&apos;, time: &apos;2018-11-14T08:17:03&apos;&#10;System info: host: &apos;user1s-MacBook-Pro.local&apos;, ip: &apos;2601:5c1:4401:43c0:0:0:0:525a%en0&apos;, os.name: &apos;Mac OS X&apos;, os.arch: &apos;x86_64&apos;, os.version: &apos;12.6.8&apos;, java.version: &apos;19.0.1&apos;&#10;Driver info: org.openqa.selenium.firefox.FirefoxDriver&#10;Capabilities {acceptInsecureCerts: true, browserName: firefox, browserVersion: 118.0.2, javascriptEnabled: true, moz:accessibilityChecks: false, moz:buildID: 20231009140911, moz:geckodriverVersion: 0.33.0, moz:headless: false, moz:platformVersion: 21.6.0, moz:processID: 11120, moz:profile: /var/folders/tv/gdz5bgzj6bx..., moz:shutdownTimeout: 60000, moz:webdriverClick: true, moz:windowless: false, pageLoadStrategy: normal, platform: MAC, platformName: MAC, proxy: Proxy(), setWindowRect: true, strictFileInteractability: false, timeouts: {implicit: 0, pageLoad: 300000, script: 30000}, unhandledPromptBehavior: dismiss and notify}&#10;Session ID: 362186c2-74e9-4a8a-8b23-d82455e60d0a&#10;*** Element info: {Using=id, value=agree-terms}" type="org.openqa.selenium.NoSuchElementException">org.openqa.selenium.NoSuchElementException: 
Unable to locate element: #agree\-terms
For documentation on this error, please visit: https://www.seleniumhq.org/exceptions/no_such_element.html
Build info: version: '3.141.59', revision: 'e82be7d358', time: '2018-11-14T08:17:03'
System info: host: 'user1s-MacBook-Pro.local', ip: '2601:5c1:4401:43c0:0:0:0:525a%en0', os.name: 'Mac OS X', os.arch: 'x86_64', os.version: '12.6.8', java.version: '19.0.1'
Driver info: org.openqa.selenium.firefox.FirefoxDriver
Capabilities {acceptInsecureCerts: true, browserName: firefox, browserVersion: 118.0.2, javascriptEnabled: true, moz:accessibilityChecks: false, moz:buildID: 20231009140911, moz:geckodriverVersion: 0.33.0, moz:headless: false, moz:platformVersion: 21.6.0, moz:processID: 11120, moz:profile: /var/folders/tv/gdz5bgzj6bx..., moz:shutdownTimeout: 60000, moz:webdriverClick: true, moz:windowless: false, pageLoadStrategy: normal, platform: MAC, platformName: MAC, proxy: Proxy(), setWindowRect: true, strictFileInteractability: false, timeouts: {implicit: 0, pageLoad: 300000, script: 30000}, unhandledPromptBehavior: dismiss and notify}
Session ID: 362186c2-74e9-4a8a-8b23-d82455e60d0a
*** Element info: {Using=id, value=agree-terms}
</error>
    <system-out><![CDATA[
@Registration @NegativeRegistrationCases
Scenario Outline: Negative Test Case: As a DB admin, I want to make sure users can't register without providing all valid data &amp#27;[90m# ui.features/LoginAndRegistration/Registration.feature:40&amp#27;[0m
  &amp#27;[32mGiven &amp#27;[0m&amp#27;[32mthe user with &amp#27;[0m&amp#27;[32m&amp#27;[1m"jack@test.com"&amp#27;[0m&amp#27;[32m is not in DB&amp#27;[0m                                                                             &amp#27;[90m# co.wedevx.digitalbank.automation.ui.steps.RegistrationSteps.theUserWithIsNotInDB(java.lang.String)&amp#27;[0m
  &amp#27;[32mAnd &amp#27;[0m&amp#27;[32mUser navigates to Digital Bank signup page&amp#27;[0m                                                                               &amp#27;[90m# co.wedevx.digitalbank.automation.ui.steps.RegistrationSteps.user_navigates_to_digital_bank_signup_page()&amp#27;[0m
  &amp#27;[31mWhen &amp#27;[0m&amp#27;[31mUser creates account with the following fields&amp#27;[0m                                                                          &amp#27;[90m# co.wedevx.digitalbank.automation.ui.steps.RegistrationSteps.user_creates_account_with_the_following_fields(java.util.List<java.util.Map<java.lang.String, java.lang.String>>)&amp#27;[0m
    | title | firstName | lastName | gender | dob        | ssn         | email   | password | address | locality | region  | postalCode | country | homePhone | mobilePhone | workPhone |
    | Mr.   | Jack      | Test     | M      | 12/12/1990 | 122-33-4453 | [empty] | [empty]  | [empty] | [empty]  | [empty] | [empty]    | [empty] | [empty]   | [empty]     | [empty]   |
      &amp#27;[31morg.openqa.selenium.NoSuchElementException: Unable to locate element: #agree\-terms
For documentation on this error, please visit: https://www.seleniumhq.org/exceptions/no_such_element.html
Build info: version: '3.141.59', revision: 'e82be7d358', time: '2018-11-14T08:17:03'
System info: host: 'user1s-MacBook-Pro.local', ip: '2601:5c1:4401:43c0:0:0:0:525a%en0', os.name: 'Mac OS X', os.arch: 'x86_64', os.version: '12.6.8', java.version: '19.0.1'
Driver info: org.openqa.selenium.firefox.FirefoxDriver
Capabilities {acceptInsecureCerts: true, browserName: firefox, browserVersion: 118.0.2, javascriptEnabled: true, moz:accessibilityChecks: false, moz:buildID: 20231009140911, moz:geckodriverVersion: 0.33.0, moz:headless: false, moz:platformVersion: 21.6.0, moz:processID: 11120, moz:profile: /var/folders/tv/gdz5bgzj6bx..., moz:shutdownTimeout: 60000, moz:webdriverClick: true, moz:windowless: false, pageLoadStrategy: normal, platform: MAC, platformName: MAC, proxy: Proxy(), setWindowRect: true, strictFileInteractability: false, timeouts: {implicit: 0, pageLoad: 300000, script: 30000}, unhandledPromptBehavior: dismiss and notify}
Session ID: 362186c2-74e9-4a8a-8b23-d82455e60d0a
*** Element info: {Using=id, value=agree-terms}
	at java.base/jdk.internal.reflect.DirectConstructorHandleAccessor.newInstance(DirectConstructorHandleAccessor.java:67)
	at java.base/java.lang.reflect.Constructor.newInstanceWithCaller(Constructor.java:500)
	at java.base/java.lang.reflect.Constructor.newInstance(Constructor.java:484)
	at org.openqa.selenium.remote.http.W3CHttpResponseCodec.createException(W3CHttpResponseCodec.java:187)
	at org.openqa.selenium.remote.http.W3CHttpResponseCodec.decode(W3CHttpResponseCodec.java:122)
	at org.openqa.selenium.remote.http.W3CHttpResponseCodec.decode(W3CHttpResponseCodec.java:49)
	at org.openqa.selenium.remote.HttpCommandExecutor.execute(HttpCommandExecutor.java:158)
	at org.openqa.selenium.remote.service.DriverCommandExecutor.execute(DriverCommandExecutor.java:83)
	at org.openqa.selenium.remote.RemoteWebDriver.execute(RemoteWebDriver.java:552)
	at org.openqa.selenium.remote.RemoteWebDriver.findElement(RemoteWebDriver.java:323)
	at org.openqa.selenium.remote.RemoteWebDriver.findElementById(RemoteWebDriver.java:372)
	at org.openqa.selenium.By$ById.findElement(By.java:188)
	at org.openqa.selenium.remote.RemoteWebDriver.findElement(RemoteWebDriver.java:315)
	at org.openqa.selenium.support.pagefactory.DefaultElementLocator.findElement(DefaultElementLocator.java:69)
	at org.openqa.selenium.support.pagefactory.internal.LocatingElementHandler.invoke(LocatingElementHandler.java:38)
	at jdk.proxy2/jdk.proxy2.$Proxy21.click(Unknown Source)
	at co.wedevx.digitalbank.automation.ui.pages.RegistrationPage.fillOutRegistrationPage(RegistrationPage.java:139)
	at co.wedevx.digitalbank.automation.ui.steps.RegistrationSteps.user_creates_account_with_the_following_fields(RegistrationSteps.java:30)
	at ✽.User creates account with the following fields(classpath:ui.features/LoginAndRegistration/Registration.feature:24)
&amp#27;[0m
  &amp#27;[36mThen &amp#27;[0m&amp#27;[36mUser should the &amp#27;[0m&amp#27;[36m&amp#27;[1m"email"&amp#27;[0m&amp#27;[36m required field error message &amp#27;[0m&amp#27;[36m&amp#27;[1m"Please fill out this field."&amp#27;[0m                                      &amp#27;[90m# co.wedevx.digitalbank.automation.ui.steps.RegistrationSteps.userShouldTheRequiredFieldErrorMessage(java.lang.String,java.lang.String)&amp#27;[0m
]]></system-out>
    <system-err><![CDATA[JavaScript error: http://sultanmamytov.mydevx.com/bank/js/dashboard.js, line 39: ReferenceError: Chart is not defined
JavaScript error: http://sultanmamytov.mydevx.com/bank/js/widgets.js, line 24: TypeError: ctx is null
JavaScript error: http://sultanmamytov.mydevx.com/bank/signup, line 160: TypeError: $(...).datepicker is not a function
]]></system-err>
  </testcase>
  <testcase name="Create a standard individual checking account" classname="co.wedevx.digitalbank.automation.ui.runners.UIRegressionRunner" time="12.354">
    <error message="Unable to locate element: #checking\-menu&#10;For documentation on this error, please visit: https://www.seleniumhq.org/exceptions/no_such_element.html&#10;Build info: version: &apos;3.141.59&apos;, revision: &apos;e82be7d358&apos;, time: &apos;2018-11-14T08:17:03&apos;&#10;System info: host: &apos;user1s-MacBook-Pro.local&apos;, ip: &apos;2601:5c1:4401:43c0:0:0:0:525a%en0&apos;, os.name: &apos;Mac OS X&apos;, os.arch: &apos;x86_64&apos;, os.version: &apos;12.6.8&apos;, java.version: &apos;19.0.1&apos;&#10;Driver info: org.openqa.selenium.firefox.FirefoxDriver&#10;Capabilities {acceptInsecureCerts: true, browserName: firefox, browserVersion: 118.0.2, javascriptEnabled: true, moz:accessibilityChecks: false, moz:buildID: 20231009140911, moz:geckodriverVersion: 0.33.0, moz:headless: false, moz:platformVersion: 21.6.0, moz:processID: 11120, moz:profile: /var/folders/tv/gdz5bgzj6bx..., moz:shutdownTimeout: 60000, moz:webdriverClick: true, moz:windowless: false, pageLoadStrategy: normal, platform: MAC, platformName: MAC, proxy: Proxy(), setWindowRect: true, strictFileInteractability: false, timeouts: {implicit: 0, pageLoad: 300000, script: 30000}, unhandledPromptBehavior: dismiss and notify}&#10;Session ID: 362186c2-74e9-4a8a-8b23-d82455e60d0a&#10;*** Element info: {Using=id, value=checking-menu}" type="org.openqa.selenium.NoSuchElementException">org.openqa.selenium.NoSuchElementException: 
Unable to locate element: #checking\-menu
For documentation on this error, please visit: https://www.seleniumhq.org/exceptions/no_such_element.html
Build info: version: '3.141.59', revision: 'e82be7d358', time: '2018-11-14T08:17:03'
System info: host: 'user1s-MacBook-Pro.local', ip: '2601:5c1:4401:43c0:0:0:0:525a%en0', os.name: 'Mac OS X', os.arch: 'x86_64', os.version: '12.6.8', java.version: '19.0.1'
Driver info: org.openqa.selenium.firefox.FirefoxDriver
Capabilities {acceptInsecureCerts: true, browserName: firefox, browserVersion: 118.0.2, javascriptEnabled: true, moz:accessibilityChecks: false, moz:buildID: 20231009140911, moz:geckodriverVersion: 0.33.0, moz:headless: false, moz:platformVersion: 21.6.0, moz:processID: 11120, moz:profile: /var/folders/tv/gdz5bgzj6bx..., moz:shutdownTimeout: 60000, moz:webdriverClick: true, moz:windowless: false, pageLoadStrategy: normal, platform: MAC, platformName: MAC, proxy: Proxy(), setWindowRect: true, strictFileInteractability: false, timeouts: {implicit: 0, pageLoad: 300000, script: 30000}, unhandledPromptBehavior: dismiss and notify}
Session ID: 362186c2-74e9-4a8a-8b23-d82455e60d0a
*** Element info: {Using=id, value=checking-menu}
</error>
    <system-out><![CDATA[
Scenario: Create a standard individual checking account                                                                           &amp#27;[90m# ui.features/checking/NewChecking.feature:3&amp#27;[0m
  &amp#27;[32mGiven &amp#27;[0m&amp#27;[32mthe user logged in as &amp#27;[0m&amp#27;[32m&amp#27;[1m"elonmusk@gmail.com"&amp#27;[0m&amp#27;[32m &amp#27;[0m&amp#27;[32m&amp#27;[1m"Tester123"&amp#27;[0m                                                                    &amp#27;[90m# co.wedevx.digitalbank.automation.ui.steps.CheckingAccountSteps.the_user_logged_in_as(java.lang.String,java.lang.String)&amp#27;[0m
  &amp#27;[31mWhen &amp#27;[0m&amp#27;[31mthe user creates a new checking account with the following data&amp#27;[0m                                                            &amp#27;[90m# co.wedevx.digitalbank.automation.ui.steps.CheckingAccountSteps.the_user_creates_a_new_checking_account_with_the_following_data(java.util.List<co.wedevx.digitalbank.automation.ui.models.NewCheckingAccountInfo>)&amp#27;[0m
    | checkingAccountType | accountOwnership | accountName               | initialDepositAmount |
    | Standard Checking   | Individual       | Elon Musk Second Checking | 100000.0             |
      &amp#27;[31morg.openqa.selenium.NoSuchElementException: Unable to locate element: #checking\-menu
For documentation on this error, please visit: https://www.seleniumhq.org/exceptions/no_such_element.html
Build info: version: '3.141.59', revision: 'e82be7d358', time: '2018-11-14T08:17:03'
System info: host: 'user1s-MacBook-Pro.local', ip: '2601:5c1:4401:43c0:0:0:0:525a%en0', os.name: 'Mac OS X', os.arch: 'x86_64', os.version: '12.6.8', java.version: '19.0.1'
Driver info: org.openqa.selenium.firefox.FirefoxDriver
Capabilities {acceptInsecureCerts: true, browserName: firefox, browserVersion: 118.0.2, javascriptEnabled: true, moz:accessibilityChecks: false, moz:buildID: 20231009140911, moz:geckodriverVersion: 0.33.0, moz:headless: false, moz:platformVersion: 21.6.0, moz:processID: 11120, moz:profile: /var/folders/tv/gdz5bgzj6bx..., moz:shutdownTimeout: 60000, moz:webdriverClick: true, moz:windowless: false, pageLoadStrategy: normal, platform: MAC, platformName: MAC, proxy: Proxy(), setWindowRect: true, strictFileInteractability: false, timeouts: {implicit: 0, pageLoad: 300000, script: 30000}, unhandledPromptBehavior: dismiss and notify}
Session ID: 362186c2-74e9-4a8a-8b23-d82455e60d0a
*** Element info: {Using=id, value=checking-menu}
	at java.base/jdk.internal.reflect.DirectConstructorHandleAccessor.newInstance(DirectConstructorHandleAccessor.java:67)
	at java.base/java.lang.reflect.Constructor.newInstanceWithCaller(Constructor.java:500)
	at java.base/java.lang.reflect.Constructor.newInstance(Constructor.java:484)
	at org.openqa.selenium.remote.http.W3CHttpResponseCodec.createException(W3CHttpResponseCodec.java:187)
	at org.openqa.selenium.remote.http.W3CHttpResponseCodec.decode(W3CHttpResponseCodec.java:122)
	at org.openqa.selenium.remote.http.W3CHttpResponseCodec.decode(W3CHttpResponseCodec.java:49)
	at org.openqa.selenium.remote.HttpCommandExecutor.execute(HttpCommandExecutor.java:158)
	at org.openqa.selenium.remote.service.DriverCommandExecutor.execute(DriverCommandExecutor.java:83)
	at org.openqa.selenium.remote.RemoteWebDriver.execute(RemoteWebDriver.java:552)
	at org.openqa.selenium.remote.RemoteWebDriver.findElement(RemoteWebDriver.java:323)
	at org.openqa.selenium.remote.RemoteWebDriver.findElementById(RemoteWebDriver.java:372)
	at org.openqa.selenium.By$ById.findElement(By.java:188)
	at org.openqa.selenium.remote.RemoteWebDriver.findElement(RemoteWebDriver.java:315)
	at org.openqa.selenium.support.pagefactory.DefaultElementLocator.findElement(DefaultElementLocator.java:69)
	at org.openqa.selenium.support.pagefactory.internal.LocatingElementHandler.invoke(LocatingElementHandler.java:38)
	at jdk.proxy2/jdk.proxy2.$Proxy21.click(Unknown Source)
	at co.wedevx.digitalbank.automation.ui.pages.CreateCheckingPage.createNewChecking(CreateCheckingPage.java:47)
	at co.wedevx.digitalbank.automation.ui.steps.CheckingAccountSteps.the_user_creates_a_new_checking_account_with_the_following_data(CheckingAccountSteps.java:38)
	at ✽.the user creates a new checking account with the following data(classpath:ui.features/checking/NewChecking.feature:6)
&amp#27;[0m
  &amp#27;[36mThen &amp#27;[0m&amp#27;[36mthe user should see the green &amp#27;[0m&amp#27;[36m&amp#27;[1m"Successfully created new Standard Checking account named Elon Musk Second Checking"&amp#27;[0m&amp#27;[36m message&amp#27;[0m &amp#27;[90m# co.wedevx.digitalbank.automation.ui.steps.CheckingAccountSteps.the_user_should_see_the_green_message(java.lang.String)&amp#27;[0m
  &amp#27;[36mAnd &amp#27;[0m&amp#27;[36mthe user should see newly added account card&amp#27;[0m                                                                                &amp#27;[90m# co.wedevx.digitalbank.automation.ui.steps.CheckingAccountSteps.the_user_should_see_newly_added_account_card(java.util.List<co.wedevx.digitalbank.automation.ui.models.AccountCard>)&amp#27;[0m
    | accountName               | accountType       | ownership  | accountNumber | interestRate | balance   |
    | Elon Musk Second Checking | Standard Checking | Individual | 486131037     | 0.0%         | 100000.00 |
  &amp#27;[36mAnd &amp#27;[0m&amp#27;[36mthe user should see the following transactions&amp#27;[0m                                                                              &amp#27;[90m# co.wedevx.digitalbank.automation.ui.steps.CheckingAccountSteps.the_user_should_see_the_following_transactions(java.util.List<co.wedevx.digitalbank.automation.ui.models.BankTransaction>)&amp#27;[0m
    | date             | category | description               | amount   | balance  |
    | 2023-08-30 21:51 | Income   | 845321734 (DPT) - Deposit | 100000.0 | 100000.0 |

    Embedding screenshot [image/png 172079 bytes]

]]></system-out>
    <system-err><![CDATA[JavaScript error: http://sultanmamytov.mydevx.com/bank/js/dashboard.js, line 39: ReferenceError: Chart is not defined
JavaScript error: http://sultanmamytov.mydevx.com/bank/js/widgets.js, line 24: TypeError: ctx is null
console.warn: LoginRecipes: "Falling back to a synchronous message for: http://sultanmamytov.mydevx.com."
console.warn: LoginRecipes: "Falling back to a synchronous message for: http://sultanmamytov.mydevx.com."
JavaScript error: http://sultanmamytov.mydevx.com/bank/js/dashboard.js, line 39: ReferenceError: Chart is not defined
JavaScript error: http://sultanmamytov.mydevx.com/bank/js/widgets.js, line 24: TypeError: ctx is null
1697898596222	Marionette	INFO	Stopped listening on port 60879
]]></system-err>
  </testcase>
</testsuite>